\BOOKMARK [1][-]{section.1}{\376\377\003\244\003\301\003\314\003\300\003\277\003\302\000\040\003\224\003\271\003\265\003\272\003\300\003\265\003\301\003\261\003\257\003\311\003\303\003\267\003\302\000\040\003\225\003\301\003\263\003\261\003\303\003\271\003\316\003\275\000\040\003\272\003\261\003\271\000\040\003\221\003\271\003\304\003\267\003\274\003\254\003\304\003\311\003\275}{}% 1
\BOOKMARK [2][-]{subsection.1.1}{\376\377\003\240\003\301\003\277\003\304\003\265\003\301\003\261\003\271\003\314\003\304\003\267\003\304\003\265\003\302}{section.1}% 2
\BOOKMARK [3][-]{subsubsection*.2}{\376\377\003\224\003\271\003\254\003\303\003\304\003\261\003\303\003\267\000\040\003\221\000:\000\040\003\237\003\271\000\040\003\262\003\261\003\303\003\271\003\272\003\255\003\302\000\040\003\300\003\301\003\277\003\304\003\265\003\301\003\261\003\271\003\314\003\304\003\267\003\304\003\265\003\302}{subsection.1.1}% 3
\BOOKMARK [3][-]{subsubsection*.3}{\376\377\003\224\003\271\003\254\003\303\003\304\003\261\003\303\003\267\000\040\003\222\000:\000\040\000+\000>\000\040\0001}{subsection.1.1}% 4
\BOOKMARK [3][-]{subsubsection*.4}{\376\377\003\224\003\271\003\254\003\303\003\304\003\261\003\303\003\267\000\040\003\223\000:\000\040\003\214\003\307\003\271\000\040\003\303\003\304\003\267\003\275\000\040\003\300\003\265\003\257\003\275\003\261\000\040\003\304\003\311\003\275\000\040\003\274\003\271\003\272\003\301\003\316\003\275}{subsection.1.1}% 5
\BOOKMARK [3][-]{subsubsection*.5}{\376\377\003\224\003\271\003\254\003\303\003\304\003\261\003\303\003\267\000\040\003\224\000:\000\040\000F\000I\000F\000O}{subsection.1.1}% 6
\BOOKMARK [3][-]{subsubsection*.6}{\376\377\003\224\003\271\003\254\003\303\003\304\003\261\003\303\003\267\000\040\003\225\000:\000\040\003\247\003\301\003\314\003\275\003\277\003\302}{subsection.1.1}% 7
\BOOKMARK [2][-]{subsection.1.2}{\376\377\003\234\003\255\003\270\003\277\003\264\003\277\003\302\000\040\003\225\003\301\003\263\003\261\003\303\003\257\003\261\003\302}{section.1}% 8
\BOOKMARK [1][-]{section.2}{\376\377\003\227\003\273\003\265\003\272\003\304\003\301\003\277\003\275\003\271\003\272\003\254\000\040\003\221\003\271\003\304\003\256\003\274\003\261\003\304\003\261}{}% 9
\BOOKMARK [1][-]{section.3}{\376\377\003\240\003\316\003\302\000\040\003\270\003\261\000\040\003\265\003\263\003\272\003\261\003\304\003\261\003\303\003\304\003\256\003\303\003\311\000\040\000L\000a\000T\000e\000X}{}% 10
\BOOKMARK [2][-]{subsection.3.1}{\376\377\003\243\003\265\000\040\000L\000i\000n\000u\000x\000\040\000D\000e\000b\000i\000a\000n\000/\000U\000b\000u\000n\000t\000u}{section.3}% 11
\BOOKMARK [2][-]{subsection.3.2}{\376\377\003\243\003\265\000\040\003\277\003\300\003\277\003\271\003\277\003\264\003\256\003\300\003\277\003\304\003\265\000\040\000L\000i\000n\000u\000x}{section.3}% 12
\BOOKMARK [2][-]{subsection.3.3}{\376\377\003\243\003\265\000\040\000W\000i\000n\000d\000o\000w\000s}{section.3}% 13
\BOOKMARK [1][-]{section.4}{\376\377\003\240\003\316\003\302\000\040\003\274\003\265\003\304\003\261\003\306\003\255\003\301\003\277\003\305\003\274\003\265\000\040\003\274\003\265\003\263\003\254\003\273\003\261\000\040\003\261\003\301\003\307\003\265\003\257\003\261}{}% 14
\BOOKMARK [2][-]{subsection.4.1}{\376\377\0001\003\277\000\040\003\244\003\301\003\314\003\300\003\277\003\302\000:\000\040\000U\000o\000C\000T\000r\000a\000n\000s\000f\000e\000r\000\040\000\050\003\232\003\245\003\245\003\244\003\240\003\225\000\051}{section.4}% 15
\BOOKMARK [2][-]{subsection.4.2}{\376\377\0002\003\277\003\302\000\040\003\244\003\301\003\314\003\300\003\277\003\302\000:\000\040\000O\000n\000e\000D\000r\000i\000v\000e\000\040\000\050\000M\000i\000c\000r\000o\000s\000o\000f\000t\000\051}{section.4}% 16
\BOOKMARK [1][-]{section.5}{\376\377\003\240\003\316\003\302\000\040\003\264\003\265\003\303\003\274\003\265\003\315\003\277\003\305\003\274\003\265\000\040\003\274\003\271\003\261\000\040\003\225\003\271\003\272\003\277\003\275\003\271\003\272\003\256\000\040\003\221\003\257\003\270\003\277\003\305\003\303\003\261\000\040\000\050\000Z\000o\000o\000m\000\051}{}% 17
\BOOKMARK [2][-]{subsection.5.1}{\376\377\0001\003\277\003\302\000\040\003\244\003\301\003\314\003\300\003\277\003\302\000:\000\040\003\225\003\300\003\271\003\273\003\255\003\263\003\277\003\305\003\274\003\265\000\040\003\261\003\257\003\270\003\277\003\305\003\303\003\261\000\040\003\272\003\261\003\271\000\040\003\304\003\267\000\040\003\264\003\265\003\303\003\274\003\265\003\315\003\277\003\305\003\274\003\265}{section.5}% 18
\BOOKMARK [2][-]{subsection.5.2}{\376\377\0002\003\277\003\302\000\040\003\244\003\301\003\314\003\300\003\277\003\302\000:\000\040\003\225\003\300\003\271\003\273\003\255\003\263\003\277\003\305\003\274\003\265\000\040\003\267\003\274\003\255\003\301\003\261\000/\003\316\003\301\003\261}{section.5}% 19
\BOOKMARK [2][-]{subsection.5.3}{\376\377\0003\003\277\003\302\000\040\003\244\003\301\003\314\003\300\003\277\003\302\000:\000\040\003\221\003\275\003\261\003\266\003\256\003\304\003\267\003\303\003\267\000\040\003\265\003\273\003\265\003\315\003\270\003\265\003\301\003\267\003\302\000\040\000\253\003\221\003\257\003\270\003\277\003\305\003\303\003\261\003\302\000\273\000\040\003\263\003\271\003\261\000\040\003\303\003\305\003\263\003\272\003\265\003\272\003\301\003\271\003\274\003\255\003\275\003\267\000\040\003\267\003\274\003\255\003\301\003\261\000/\003\316\003\301\003\261}{section.5}% 20
